# Logfile created on Mon Aug 09 17:23:11 -0300 2010  [4;36;1mSQL (0.1ms)[0m   [0;1mSET NAMES 'utf8'[0m
  [4;35;1mSQL (0.1ms)[0m   [0mSET SQL_AUTO_IS_NULL=0[0m
  [4;36;1mSQL (12.8ms)[0m   [0;1mBEGIN[0m
  [4;35;1mSQL (0.2ms)[0m   [0mROLLBACK[0m
  [4;36;1mSQL (0.1ms)[0m   [0;1mSET NAMES 'utf8'[0m
  [4;35;1mSQL (0.1ms)[0m   [0mSET SQL_AUTO_IS_NULL=0[0m
  [4;36;1mSQL (0.3ms)[0m   [0;1mSHOW TABLES[0m
  [4;35;1mSQL (138.2ms)[0m   [0mCREATE TABLE `schema_migrations` (`version` varchar(255) NOT NULL) ENGINE=InnoDB[0m
  [4;36;1mSQL (0.7ms)[0m   [0;1mSHOW KEYS FROM `schema_migrations`[0m
  [4;35;1mSQL (279.6ms)[0m   [0mCREATE UNIQUE INDEX `unique_schema_migrations` ON `schema_migrations` (`version`)[0m
  [4;36;1mSQL (0.5ms)[0m   [0;1mSHOW TABLES[0m
  [4;35;1mSQL (1.1ms)[0m   [0mSELECT version FROM schema_migrations[0m
Migrating to CreateUsuarios (20100809203304)
  [4;36;1mSQL (217.2ms)[0m   [0;1mCREATE TABLE `usuarios` (`id` int(11) DEFAULT NULL auto_increment PRIMARY KEY, `login` varchar(255), `senha` varchar(255), `created_at` datetime, `updated_at` datetime) ENGINE=InnoDB[0m
  [4;35;1mSQL (65.7ms)[0m   [0mINSERT INTO schema_migrations (version) VALUES ('20100809203304')[0m
  [4;36;1mSQL (0.5ms)[0m   [0;1mSHOW TABLES[0m
  [4;35;1mSQL (0.3ms)[0m   [0mSELECT version FROM schema_migrations[0m
  [4;36;1mSQL (0.3ms)[0m   [0;1mSHOW TABLES[0m
  [4;35;1mSQL (0.9ms)[0m   [0mSHOW FIELDS FROM `usuarios`[0m
  [4;36;1mSQL (0.7ms)[0m   [0;1mdescribe `usuarios`[0m
  [4;35;1mSQL (0.3ms)[0m   [0mSHOW KEYS FROM `usuarios`[0m
  [4;36;1mSQL (0.1ms)[0m   [0;1mSET NAMES 'utf8'[0m
  [4;35;1mSQL (0.1ms)[0m   [0mSET SQL_AUTO_IS_NULL=0[0m
  [4;36;1mSQL (0.1ms)[0m   [0;1mBEGIN[0m
  [4;35;1mUsuario Columns (0.7ms)[0m   [0mSHOW FIELDS FROM `usuarios`[0m
  [4;36;1mSQL (0.1ms)[0m   [0;1mSAVEPOINT active_record_1[0m
  [4;35;1mSQL (0.2ms)[0m   [0mROLLBACK TO SAVEPOINT active_record_1[0m
  [4;36;1mSQL (0.1ms)[0m   [0;1mROLLBACK[0m
  [4;36;1mSQL (0.1ms)[0m   [0;1mSET NAMES 'utf8'[0m
  [4;35;1mSQL (0.1ms)[0m   [0mSET SQL_AUTO_IS_NULL=0[0m
  [4;36;1mSQL (0.1ms)[0m   [0;1mBEGIN[0m
  [4;35;1mUsuario Columns (0.7ms)[0m   [0mSHOW FIELDS FROM `usuarios`[0m
  [4;36;1mSQL (0.1ms)[0m   [0;1mSAVEPOINT active_record_1[0m
  [4;35;1mUsuario Create (0.2ms)[0m   [0mINSERT INTO `usuarios` (`created_at`, `updated_at`, `login`, `senha`) VALUES('2010-08-09 20:41:21', '2010-08-09 20:41:21', 'horafeliz', '123')[0m
  [4;36;1mSQL (0.1ms)[0m   [0;1mRELEASE SAVEPOINT active_record_1[0m
  [4;35;1mSQL (84.7ms)[0m   [0mROLLBACK[0m
  [4;36;1mSQL (0.1ms)[0m   [0;1mSET NAMES 'utf8'[0m
  [4;35;1mSQL (0.1ms)[0m   [0mSET SQL_AUTO_IS_NULL=0[0m
  [4;36;1mSQL (0.1ms)[0m   [0;1mBEGIN[0m
  [4;35;1mUsuario Columns (0.8ms)[0m   [0mSHOW FIELDS FROM `usuarios`[0m
  [4;36;1mSQL (0.1ms)[0m   [0;1mSAVEPOINT active_record_1[0m
  [4;35;1mUsuario Create (0.2ms)[0m   [0mINSERT INTO `usuarios` (`created_at`, `updated_at`, `login`, `senha`) VALUES('2010-08-09 20:55:46', '2010-08-09 20:55:46', 'horafeliz', '123')[0m
  [4;36;1mSQL (0.1ms)[0m   [0;1mRELEASE SAVEPOINT active_record_1[0m
  [4;35;1mSQL (72.8ms)[0m   [0mROLLBACK[0m
  [4;36;1mSQL (0.1ms)[0m   [0;1mSET NAMES 'utf8'[0m
  [4;35;1mSQL (0.1ms)[0m   [0mSET SQL_AUTO_IS_NULL=0[0m
  [4;36;1mSQL (0.1ms)[0m   [0;1mBEGIN[0m
  [4;35;1mUsuario Columns (0.7ms)[0m   [0mSHOW FIELDS FROM `usuarios`[0m
  [4;36;1mSQL (0.1ms)[0m   [0;1mSAVEPOINT active_record_1[0m
  [4;35;1mUsuario Create (0.3ms)[0m   [0mINSERT INTO `usuarios` (`created_at`, `updated_at`, `login`, `senha`) VALUES('2010-08-09 20:56:02', '2010-08-09 20:56:02', 'horafeliz', '123')[0m
  [4;36;1mSQL (0.1ms)[0m   [0;1mRELEASE SAVEPOINT active_record_1[0m
  [4;35;1mSQL (106.7ms)[0m   [0mROLLBACK[0m
  [4;36;1mSQL (0.1ms)[0m   [0;1mSET NAMES 'utf8'[0m
  [4;35;1mSQL (0.1ms)[0m   [0mSET SQL_AUTO_IS_NULL=0[0m
  [4;36;1mSQL (0.1ms)[0m   [0;1mBEGIN[0m
  [4;35;1mUsuario Columns (1.0ms)[0m   [0mSHOW FIELDS FROM `usuarios`[0m
  [4;36;1mSQL (0.1ms)[0m   [0;1mSAVEPOINT active_record_1[0m
  [4;35;1mUsuario Create (19.8ms)[0m   [0mINSERT INTO `usuarios` (`created_at`, `updated_at`, `login`, `senha`) VALUES('2010-08-09 20:56:36', '2010-08-09 20:56:36', 'horafeliz', '123')[0m
  [4;36;1mSQL (0.1ms)[0m   [0;1mRELEASE SAVEPOINT active_record_1[0m
  [4;35;1mSQL (68.6ms)[0m   [0mROLLBACK[0m
  [4;36;1mSQL (0.1ms)[0m   [0;1mSET NAMES 'utf8'[0m
  [4;35;1mSQL (0.1ms)[0m   [0mSET SQL_AUTO_IS_NULL=0[0m
  [4;36;1mSQL (0.1ms)[0m   [0;1mBEGIN[0m
  [4;35;1mUsuario Columns (0.7ms)[0m   [0mSHOW FIELDS FROM `usuarios`[0m
  [4;36;1mSQL (0.1ms)[0m   [0;1mSAVEPOINT active_record_1[0m
  [4;35;1mUsuario Create (0.3ms)[0m   [0mINSERT INTO `usuarios` (`created_at`, `updated_at`, `login`, `senha`) VALUES('2010-08-09 20:57:00', '2010-08-09 20:57:00', 'horafeliz', '123')[0m
  [4;36;1mSQL (0.1ms)[0m   [0;1mRELEASE SAVEPOINT active_record_1[0m
  [4;35;1mSQL (113.4ms)[0m   [0mROLLBACK[0m
  [4;36;1mSQL (0.1ms)[0m   [0;1mSET NAMES 'utf8'[0m
  [4;35;1mSQL (0.1ms)[0m   [0mSET SQL_AUTO_IS_NULL=0[0m
  [4;36;1mSQL (0.1ms)[0m   [0;1mBEGIN[0m
  [4;35;1mUsuario Columns (0.7ms)[0m   [0mSHOW FIELDS FROM `usuarios`[0m
  [4;36;1mSQL (0.1ms)[0m   [0;1mSAVEPOINT active_record_1[0m
  [4;35;1mUsuario Create (0.2ms)[0m   [0mINSERT INTO `usuarios` (`created_at`, `updated_at`, `login`, `senha`) VALUES('2010-08-09 20:57:18', '2010-08-09 20:57:18', 'horafeliz', '123')[0m
  [4;36;1mSQL (0.1ms)[0m   [0;1mRELEASE SAVEPOINT active_record_1[0m
  [4;35;1mSQL (68.9ms)[0m   [0mROLLBACK[0m
  [4;36;1mSQL (0.1ms)[0m   [0;1mSET NAMES 'utf8'[0m
  [4;35;1mSQL (0.1ms)[0m   [0mSET SQL_AUTO_IS_NULL=0[0m
  [4;36;1mSQL (0.1ms)[0m   [0;1mBEGIN[0m
  [4;35;1mUsuario Columns (1.0ms)[0m   [0mSHOW FIELDS FROM `usuarios`[0m
  [4;36;1mSQL (0.1ms)[0m   [0;1mSAVEPOINT active_record_1[0m
  [4;35;1mUsuario Create (0.2ms)[0m   [0mINSERT INTO `usuarios` (`created_at`, `updated_at`, `login`, `senha`) VALUES('2010-08-09 20:57:29', '2010-08-09 20:57:29', 'horafeliz', '123')[0m
  [4;36;1mSQL (0.1ms)[0m   [0;1mRELEASE SAVEPOINT active_record_1[0m
  [4;35;1mSQL (96.1ms)[0m   [0mROLLBACK[0m
  [4;36;1mSQL (0.1ms)[0m   [0;1mSET NAMES 'utf8'[0m
  [4;35;1mSQL (0.1ms)[0m   [0mSET SQL_AUTO_IS_NULL=0[0m
  [4;36;1mSQL (0.1ms)[0m   [0;1mBEGIN[0m
  [4;35;1mUsuario Columns (0.7ms)[0m   [0mSHOW FIELDS FROM `usuarios`[0m
  [4;36;1mSQL (0.1ms)[0m   [0;1mSAVEPOINT active_record_1[0m
  [4;35;1mUsuario Create (0.2ms)[0m   [0mINSERT INTO `usuarios` (`created_at`, `updated_at`, `login`, `senha`) VALUES('2010-08-09 20:57:38', '2010-08-09 20:57:38', 'horafeliz', '123')[0m
  [4;36;1mSQL (0.1ms)[0m   [0;1mRELEASE SAVEPOINT active_record_1[0m
  [4;35;1mSQL (79.0ms)[0m   [0mROLLBACK[0m
  [4;36;1mSQL (0.1ms)[0m   [0;1mSET NAMES 'utf8'[0m
  [4;35;1mSQL (0.8ms)[0m   [0mSET SQL_AUTO_IS_NULL=0[0m
  [4;36;1mSQL (0.1ms)[0m   [0;1mBEGIN[0m
  [4;35;1mUsuario Columns (0.9ms)[0m   [0mSHOW FIELDS FROM `usuarios`[0m
  [4;36;1mSQL (0.1ms)[0m   [0;1mSAVEPOINT active_record_1[0m
  [4;35;1mUsuario Create (0.3ms)[0m   [0mINSERT INTO `usuarios` (`created_at`, `updated_at`, `login`, `senha`) VALUES('2010-08-09 20:58:42', '2010-08-09 20:58:42', 'horafeliz', '123')[0m
  [4;36;1mSQL (0.1ms)[0m   [0;1mRELEASE SAVEPOINT active_record_1[0m
  [4;35;1mSQL (92.2ms)[0m   [0mROLLBACK[0m
  [4;36;1mSQL (0.2ms)[0m   [0;1mSET NAMES 'utf8'[0m
  [4;35;1mSQL (0.1ms)[0m   [0mSET SQL_AUTO_IS_NULL=0[0m
  [4;36;1mSQL (0.1ms)[0m   [0;1mBEGIN[0m
  [4;35;1mUsuario Columns (0.7ms)[0m   [0mSHOW FIELDS FROM `usuarios`[0m
  [4;36;1mSQL (0.1ms)[0m   [0;1mSAVEPOINT active_record_1[0m
  [4;35;1mUsuario Create (0.2ms)[0m   [0mINSERT INTO `usuarios` (`created_at`, `updated_at`, `login`, `senha`) VALUES('2010-08-09 20:59:09', '2010-08-09 20:59:09', 'horafeliz', '123')[0m
  [4;36;1mSQL (0.1ms)[0m   [0;1mRELEASE SAVEPOINT active_record_1[0m
  [4;35;1mSQL (79.9ms)[0m   [0mROLLBACK[0m
  [4;36;1mSQL (0.1ms)[0m   [0;1mSET NAMES 'utf8'[0m
  [4;35;1mSQL (0.1ms)[0m   [0mSET SQL_AUTO_IS_NULL=0[0m
  [4;36;1mSQL (0.1ms)[0m   [0;1mBEGIN[0m
  [4;35;1mUsuario Columns (0.7ms)[0m   [0mSHOW FIELDS FROM `usuarios`[0m
  [4;36;1mSQL (0.1ms)[0m   [0;1mSAVEPOINT active_record_1[0m
  [4;35;1mUsuario Create (0.2ms)[0m   [0mINSERT INTO `usuarios` (`created_at`, `updated_at`, `login`, `senha`) VALUES('2010-08-09 20:59:20', '2010-08-09 20:59:20', 'horafeliz', '123')[0m
  [4;36;1mSQL (0.1ms)[0m   [0;1mRELEASE SAVEPOINT active_record_1[0m
  [4;35;1mSQL (81.2ms)[0m   [0mROLLBACK[0m
  [4;36;1mSQL (0.1ms)[0m   [0;1mSET NAMES 'utf8'[0m
  [4;35;1mSQL (0.1ms)[0m   [0mSET SQL_AUTO_IS_NULL=0[0m
  [4;36;1mSQL (0.1ms)[0m   [0;1mBEGIN[0m
  [4;35;1mUsuario Columns (0.7ms)[0m   [0mSHOW FIELDS FROM `usuarios`[0m
  [4;36;1mSQL (0.1ms)[0m   [0;1mSAVEPOINT active_record_1[0m
  [4;35;1mUsuario Create (0.2ms)[0m   [0mINSERT INTO `usuarios` (`created_at`, `updated_at`, `login`, `senha`) VALUES('2010-08-09 21:00:08', '2010-08-09 21:00:08', 'horafeliz', '123')[0m
  [4;36;1mSQL (0.1ms)[0m   [0;1mRELEASE SAVEPOINT active_record_1[0m
  [4;35;1mSQL (123.5ms)[0m   [0mROLLBACK[0m
  [4;36;1mSQL (0.1ms)[0m   [0;1mSET NAMES 'utf8'[0m
  [4;35;1mSQL (0.1ms)[0m   [0mSET SQL_AUTO_IS_NULL=0[0m
  [4;36;1mSQL (0.1ms)[0m   [0;1mBEGIN[0m
  [4;35;1mUsuario Columns (0.7ms)[0m   [0mSHOW FIELDS FROM `usuarios`[0m
  [4;36;1mSQL (0.1ms)[0m   [0;1mSAVEPOINT active_record_1[0m
  [4;35;1mUsuario Create (0.2ms)[0m   [0mINSERT INTO `usuarios` (`created_at`, `updated_at`, `login`, `senha`) VALUES('2010-08-09 21:03:47', '2010-08-09 21:03:47', 'horafeliz', '123')[0m
  [4;36;1mSQL (0.3ms)[0m   [0;1mRELEASE SAVEPOINT active_record_1[0m
  [4;35;1mSQL (63.3ms)[0m   [0mROLLBACK[0m
  [4;36;1mSQL (0.1ms)[0m   [0;1mSET NAMES 'utf8'[0m
  [4;35;1mSQL (0.1ms)[0m   [0mSET SQL_AUTO_IS_NULL=0[0m
  [4;36;1mSQL (0.3ms)[0m   [0;1mSHOW TABLES[0m
  [4;35;1mSQL (0.1ms)[0m   [0mSELECT version FROM schema_migrations[0m
  [4;36;1mSQL (0.2ms)[0m   [0;1mSHOW TABLES[0m
  [4;35;1mSQL (0.1ms)[0m   [0mSELECT version FROM schema_migrations[0m
Migrating to CreateUsuarios (20100809203304)
  [4;36;1mSQL (78.6ms)[0m   [0;1mDROP TABLE `usuarios`[0m
  [4;35;1mSQL (99.8ms)[0m   [0mDELETE FROM schema_migrations WHERE version = '20100809203304'[0m
  [4;36;1mSQL (0.6ms)[0m   [0;1mSHOW TABLES[0m
  [4;35;1mSQL (0.4ms)[0m   [0mSELECT version FROM schema_migrations[0m
  [4;36;1mSQL (0.4ms)[0m   [0;1mSHOW TABLES[0m
  [4;36;1mSQL (0.1ms)[0m   [0;1mSET NAMES 'utf8'[0m
  [4;35;1mSQL (0.1ms)[0m   [0mSET SQL_AUTO_IS_NULL=0[0m
  [4;36;1mSQL (0.3ms)[0m   [0;1mSHOW TABLES[0m
  [4;35;1mSQL (0.1ms)[0m   [0mSELECT version FROM schema_migrations[0m
Migrating to CreateUsuarios (20100809203304)
  [4;36;1mSQL (283.3ms)[0m   [0;1mCREATE TABLE `users` (`id` int(11) DEFAULT NULL auto_increment PRIMARY KEY, `login` varchar(255), `senha` varchar(255), `created_at` datetime, `updated_at` datetime) ENGINE=InnoDB[0m
  [4;35;1mSQL (110.4ms)[0m   [0mINSERT INTO schema_migrations (version) VALUES ('20100809203304')[0m
Migrating to CreateHoras (20100809210449)
  [4;36;1mSQL (267.9ms)[0m   [0;1mCREATE TABLE `horas` (`id` int(11) DEFAULT NULL auto_increment PRIMARY KEY, `created_at` datetime, `updated_at` datetime) ENGINE=InnoDB[0m
  [4;35;1mSQL (133.5ms)[0m   [0mINSERT INTO schema_migrations (version) VALUES ('20100809210449')[0m
  [4;36;1mSQL (0.6ms)[0m   [0;1mSHOW TABLES[0m
  [4;35;1mSQL (0.4ms)[0m   [0mSELECT version FROM schema_migrations[0m
  [4;36;1mSQL (0.4ms)[0m   [0;1mSHOW TABLES[0m
  [4;35;1mSQL (1.2ms)[0m   [0mSHOW FIELDS FROM `horas`[0m
  [4;36;1mSQL (0.9ms)[0m   [0;1mdescribe `horas`[0m
  [4;35;1mSQL (0.5ms)[0m   [0mSHOW KEYS FROM `horas`[0m
  [4;36;1mSQL (1.2ms)[0m   [0;1mSHOW FIELDS FROM `users`[0m
  [4;35;1mSQL (1.4ms)[0m   [0mdescribe `users`[0m
  [4;36;1mSQL (0.5ms)[0m   [0;1mSHOW KEYS FROM `users`[0m
  [4;36;1mSQL (0.1ms)[0m   [0;1mSET NAMES 'utf8'[0m
  [4;35;1mSQL (0.1ms)[0m   [0mSET SQL_AUTO_IS_NULL=0[0m
  [4;36;1mSQL (0.1ms)[0m   [0;1mBEGIN[0m
  [4;35;1mUser Columns (0.7ms)[0m   [0mSHOW FIELDS FROM `users`[0m
  [4;36;1mSQL (0.1ms)[0m   [0;1mSAVEPOINT active_record_1[0m
  [4;35;1mUser Create (0.3ms)[0m   [0mINSERT INTO `users` (`created_at`, `updated_at`, `login`, `senha`) VALUES('2010-08-09 21:09:13', '2010-08-09 21:09:13', 'horafeliz', '123')[0m
  [4;36;1mSQL (0.1ms)[0m   [0;1mRELEASE SAVEPOINT active_record_1[0m
  [4;35;1mHora Columns (0.6ms)[0m   [0mSHOW FIELDS FROM `horas`[0m
  [4;36;1mSQL (95.0ms)[0m   [0;1mROLLBACK[0m
  [4;36;1mSQL (0.1ms)[0m   [0;1mSET NAMES 'utf8'[0m
  [4;35;1mSQL (0.1ms)[0m   [0mSET SQL_AUTO_IS_NULL=0[0m
  [4;36;1mSQL (0.3ms)[0m   [0;1mSHOW TABLES[0m
  [4;35;1mSQL (0.1ms)[0m   [0mSELECT version FROM schema_migrations[0m
  [4;36;1mSQL (0.2ms)[0m   [0;1mSHOW TABLES[0m
  [4;35;1mSQL (0.1ms)[0m   [0mSELECT version FROM schema_migrations[0m
Migrating to CreateHoras (20100809210449)
  [4;36;1mSQL (93.6ms)[0m   [0;1mDROP TABLE `horas`[0m
  [4;35;1mSQL (124.3ms)[0m   [0mDELETE FROM schema_migrations WHERE version = '20100809210449'[0m
  [4;36;1mSQL (0.6ms)[0m   [0;1mSHOW TABLES[0m
  [4;35;1mSQL (0.4ms)[0m   [0mSELECT version FROM schema_migrations[0m
  [4;36;1mSQL (0.5ms)[0m   [0;1mSHOW TABLES[0m
  [4;35;1mSQL (1.1ms)[0m   [0mSHOW FIELDS FROM `users`[0m
  [4;36;1mSQL (1.0ms)[0m   [0;1mdescribe `users`[0m
  [4;35;1mSQL (63.7ms)[0m   [0mSHOW KEYS FROM `users`[0m
  [4;36;1mSQL (0.1ms)[0m   [0;1mSET NAMES 'utf8'[0m
  [4;35;1mSQL (0.1ms)[0m   [0mSET SQL_AUTO_IS_NULL=0[0m
  [4;36;1mSQL (0.3ms)[0m   [0;1mSHOW TABLES[0m
  [4;35;1mSQL (0.1ms)[0m   [0mSELECT version FROM schema_migrations[0m
Migrating to CreateUsuarios (20100809203304)
Migrating to CreateHoras (20100809210449)
  [4;36;1mSQL (259.7ms)[0m   [0;1mCREATE TABLE `horas` (`id` int(11) DEFAULT NULL auto_increment PRIMARY KEY, `type` varchar(255), `user_id` int(11), `created_at` datetime, `updated_at` datetime) ENGINE=InnoDB[0m
  [4;35;1mSQL (123.7ms)[0m   [0mINSERT INTO schema_migrations (version) VALUES ('20100809210449')[0m
  [4;36;1mSQL (0.8ms)[0m   [0;1mSHOW TABLES[0m
  [4;35;1mSQL (0.4ms)[0m   [0mSELECT version FROM schema_migrations[0m
  [4;36;1mSQL (0.4ms)[0m   [0;1mSHOW TABLES[0m
  [4;35;1mSQL (1.6ms)[0m   [0mSHOW FIELDS FROM `horas`[0m
  [4;36;1mSQL (1.1ms)[0m   [0;1mdescribe `horas`[0m
  [4;35;1mSQL (0.5ms)[0m   [0mSHOW KEYS FROM `horas`[0m
  [4;36;1mSQL (1.1ms)[0m   [0;1mSHOW FIELDS FROM `users`[0m
  [4;35;1mSQL (1.3ms)[0m   [0mdescribe `users`[0m
  [4;36;1mSQL (0.5ms)[0m   [0;1mSHOW KEYS FROM `users`[0m
  [4;36;1mSQL (0.2ms)[0m   [0;1mSET NAMES 'utf8'[0m
  [4;35;1mSQL (0.1ms)[0m   [0mSET SQL_AUTO_IS_NULL=0[0m
  [4;36;1mSQL (0.1ms)[0m   [0;1mBEGIN[0m
  [4;35;1mUser Columns (0.7ms)[0m   [0mSHOW FIELDS FROM `users`[0m
  [4;36;1mSQL (0.1ms)[0m   [0;1mSAVEPOINT active_record_1[0m
  [4;35;1mUser Create (0.2ms)[0m   [0mINSERT INTO `users` (`created_at`, `updated_at`, `login`, `senha`) VALUES('2010-08-09 21:11:40', '2010-08-09 21:11:40', 'horafeliz', '123')[0m
  [4;36;1mSQL (0.1ms)[0m   [0;1mRELEASE SAVEPOINT active_record_1[0m
  [4;35;1mHora Columns (0.6ms)[0m   [0mSHOW FIELDS FROM `horas`[0m
  [4;36;1mSQL (97.5ms)[0m   [0;1mROLLBACK[0m
  [4;36;1mSQL (0.1ms)[0m   [0;1mSET NAMES 'utf8'[0m
  [4;35;1mSQL (0.1ms)[0m   [0mSET SQL_AUTO_IS_NULL=0[0m
  [4;36;1mSQL (0.1ms)[0m   [0;1mBEGIN[0m
  [4;35;1mUser Columns (0.7ms)[0m   [0mSHOW FIELDS FROM `users`[0m
  [4;36;1mSQL (0.1ms)[0m   [0;1mSAVEPOINT active_record_1[0m
  [4;35;1mUser Create (0.3ms)[0m   [0mINSERT INTO `users` (`created_at`, `updated_at`, `login`, `senha`) VALUES('2010-08-09 21:12:39', '2010-08-09 21:12:39', 'horafeliz', '123')[0m
  [4;36;1mSQL (0.1ms)[0m   [0;1mRELEASE SAVEPOINT active_record_1[0m
  [4;35;1mHora Columns (0.6ms)[0m   [0mSHOW FIELDS FROM `horas`[0m
  [4;36;1mSQL (103.2ms)[0m   [0;1mROLLBACK[0m
  [4;36;1mSQL (0.1ms)[0m   [0;1mSET NAMES 'utf8'[0m
  [4;35;1mSQL (0.1ms)[0m   [0mSET SQL_AUTO_IS_NULL=0[0m
  [4;36;1mSQL (0.1ms)[0m   [0;1mBEGIN[0m
  [4;35;1mUser Columns (0.7ms)[0m   [0mSHOW FIELDS FROM `users`[0m
  [4;36;1mSQL (0.1ms)[0m   [0;1mSAVEPOINT active_record_1[0m
  [4;35;1mUser Create (0.3ms)[0m   [0mINSERT INTO `users` (`created_at`, `updated_at`, `login`, `senha`) VALUES('2010-08-09 21:12:59', '2010-08-09 21:12:59', 'horafeliz', '123')[0m
  [4;36;1mSQL (0.1ms)[0m   [0;1mRELEASE SAVEPOINT active_record_1[0m
  [4;35;1mHora Columns (0.6ms)[0m   [0mSHOW FIELDS FROM `horas`[0m
  [4;36;1mSQL (92.9ms)[0m   [0;1mROLLBACK[0m
  [4;36;1mSQL (0.1ms)[0m   [0;1mSET NAMES 'utf8'[0m
  [4;35;1mSQL (0.1ms)[0m   [0mSET SQL_AUTO_IS_NULL=0[0m
  [4;36;1mSQL (0.3ms)[0m   [0;1mSHOW TABLES[0m
  [4;35;1mSQL (0.1ms)[0m   [0mSELECT version FROM schema_migrations[0m
Migrating to CreateUsuarios (20100809203304)
Migrating to CreateHoras (20100809210449)
  [4;36;1mSQL (0.3ms)[0m   [0;1mSHOW TABLES[0m
  [4;35;1mSQL (0.1ms)[0m   [0mSELECT version FROM schema_migrations[0m
  [4;36;1mSQL (0.2ms)[0m   [0;1mSHOW TABLES[0m
  [4;35;1mSQL (0.6ms)[0m   [0mSHOW FIELDS FROM `horas`[0m
  [4;36;1mSQL (0.5ms)[0m   [0;1mdescribe `horas`[0m
  [4;35;1mSQL (0.2ms)[0m   [0mSHOW KEYS FROM `horas`[0m
  [4;36;1mSQL (0.5ms)[0m   [0;1mSHOW FIELDS FROM `users`[0m
  [4;35;1mSQL (0.5ms)[0m   [0mdescribe `users`[0m
  [4;36;1mSQL (0.2ms)[0m   [0;1mSHOW KEYS FROM `users`[0m
  [4;36;1mSQL (0.1ms)[0m   [0;1mSET NAMES 'utf8'[0m
  [4;35;1mSQL (0.1ms)[0m   [0mSET SQL_AUTO_IS_NULL=0[0m
  [4;36;1mSQL (0.3ms)[0m   [0;1mSHOW TABLES[0m
  [4;35;1mSQL (0.1ms)[0m   [0mSELECT version FROM schema_migrations[0m
  [4;36;1mSQL (0.2ms)[0m   [0;1mSHOW TABLES[0m
  [4;35;1mSQL (0.1ms)[0m   [0mSELECT version FROM schema_migrations[0m
Migrating to CreateHoras (20100809210449)
  [4;36;1mSQL (79.2ms)[0m   [0;1mDROP TABLE `horas`[0m
  [4;35;1mSQL (156.8ms)[0m   [0mDELETE FROM schema_migrations WHERE version = '20100809210449'[0m
  [4;36;1mSQL (0.3ms)[0m   [0;1mSHOW TABLES[0m
  [4;35;1mSQL (0.2ms)[0m   [0mSELECT version FROM schema_migrations[0m
  [4;36;1mSQL (0.2ms)[0m   [0;1mSHOW TABLES[0m
  [4;35;1mSQL (0.6ms)[0m   [0mSHOW FIELDS FROM `users`[0m
  [4;36;1mSQL (0.5ms)[0m   [0;1mdescribe `users`[0m
  [4;35;1mSQL (0.3ms)[0m   [0mSHOW KEYS FROM `users`[0m
  [4;36;1mSQL (0.1ms)[0m   [0;1mSET NAMES 'utf8'[0m
  [4;35;1mSQL (0.1ms)[0m   [0mSET SQL_AUTO_IS_NULL=0[0m
  [4;36;1mSQL (0.3ms)[0m   [0;1mSHOW TABLES[0m
  [4;35;1mSQL (0.1ms)[0m   [0mSELECT version FROM schema_migrations[0m
Migrating to CreateUsuarios (20100809203304)
Migrating to CreateHoras (20100809210449)
  [4;36;1mSQL (216.4ms)[0m   [0;1mCREATE TABLE `horas` (`id` int(11) DEFAULT NULL auto_increment PRIMARY KEY, `type` varchar(255), `user_id` int(11), `date` datetime, `created_at` datetime, `updated_at` datetime) ENGINE=InnoDB[0m
  [4;35;1mSQL (66.0ms)[0m   [0mINSERT INTO schema_migrations (version) VALUES ('20100809210449')[0m
  [4;36;1mSQL (0.6ms)[0m   [0;1mSHOW TABLES[0m
  [4;35;1mSQL (0.4ms)[0m   [0mSELECT version FROM schema_migrations[0m
  [4;36;1mSQL (0.6ms)[0m   [0;1mSHOW TABLES[0m
  [4;35;1mSQL (1.4ms)[0m   [0mSHOW FIELDS FROM `horas`[0m
  [4;36;1mSQL (1.1ms)[0m   [0;1mdescribe `horas`[0m
  [4;35;1mSQL (0.5ms)[0m   [0mSHOW KEYS FROM `horas`[0m
  [4;36;1mSQL (1.1ms)[0m   [0;1mSHOW FIELDS FROM `users`[0m
  [4;35;1mSQL (1.0ms)[0m   [0mdescribe `users`[0m
  [4;36;1mSQL (0.5ms)[0m   [0;1mSHOW KEYS FROM `users`[0m
  [4;36;1mSQL (0.1ms)[0m   [0;1mSET NAMES 'utf8'[0m
  [4;35;1mSQL (0.1ms)[0m   [0mSET SQL_AUTO_IS_NULL=0[0m
  [4;36;1mSQL (0.1ms)[0m   [0;1mBEGIN[0m
  [4;35;1mUser Columns (0.7ms)[0m   [0mSHOW FIELDS FROM `users`[0m
  [4;36;1mSQL (0.1ms)[0m   [0;1mSAVEPOINT active_record_1[0m
  [4;35;1mUser Create (0.2ms)[0m   [0mINSERT INTO `users` (`created_at`, `updated_at`, `login`, `senha`) VALUES('2010-08-09 21:17:12', '2010-08-09 21:17:12', 'horafeliz', '123')[0m
  [4;36;1mSQL (0.1ms)[0m   [0;1mRELEASE SAVEPOINT active_record_1[0m
  [4;35;1mHora Columns (0.6ms)[0m   [0mSHOW FIELDS FROM `horas`[0m
  [4;36;1mSQL (0.2ms)[0m   [0;1mSAVEPOINT active_record_1[0m
  [4;35;1mHora Create (0.5ms)[0m   [0mINSERT INTO `horas` (`created_at`, `updated_at`, `date`, `type`, `user_id`) VALUES('2010-08-09 21:17:12', '2010-08-09 21:17:12', '2010-01-01 08:00:00', 'CHECKIN', 5)[0m
  [4;36;1mSQL (0.2ms)[0m   [0;1mRELEASE SAVEPOINT active_record_1[0m
WARNING: Can't mass-assign these protected attributes: type
  [4;35;1mSQL (0.2ms)[0m   [0mSAVEPOINT active_record_1[0m
  [4;36;1mSQL (0.2ms)[0m   [0;1mROLLBACK TO SAVEPOINT active_record_1[0m
  [4;35;1mSQL (107.2ms)[0m   [0mROLLBACK[0m
  [4;36;1mSQL (0.1ms)[0m   [0;1mSET NAMES 'utf8'[0m
  [4;35;1mSQL (0.1ms)[0m   [0mSET SQL_AUTO_IS_NULL=0[0m
  [4;36;1mSQL (0.1ms)[0m   [0;1mBEGIN[0m
  [4;35;1mUser Columns (0.7ms)[0m   [0mSHOW FIELDS FROM `users`[0m
  [4;36;1mSQL (0.1ms)[0m   [0;1mSAVEPOINT active_record_1[0m
  [4;35;1mUser Create (0.2ms)[0m   [0mINSERT INTO `users` (`created_at`, `updated_at`, `login`, `senha`) VALUES('2010-08-09 21:19:24', '2010-08-09 21:19:24', 'horafeliz', '123')[0m
  [4;36;1mSQL (0.1ms)[0m   [0;1mRELEASE SAVEPOINT active_record_1[0m
  [4;35;1mHora Columns (0.7ms)[0m   [0mSHOW FIELDS FROM `horas`[0m
  [4;36;1mSQL (0.1ms)[0m   [0;1mSAVEPOINT active_record_1[0m
  [4;35;1mHora Create (0.2ms)[0m   [0mINSERT INTO `horas` (`created_at`, `updated_at`, `date`, `type`, `user_id`) VALUES('2010-08-09 21:19:24', '2010-08-09 21:19:24', '2010-01-01 08:00:00', 'CHECKIN', 6)[0m
  [4;36;1mSQL (0.1ms)[0m   [0;1mRELEASE SAVEPOINT active_record_1[0m
  [4;35;1mSQL (0.1ms)[0m   [0mSAVEPOINT active_record_1[0m
  [4;36;1mHora Create (0.2ms)[0m   [0;1mINSERT INTO `horas` (`created_at`, `updated_at`, `date`, `type`, `user_id`) VALUES('2010-08-09 21:19:24', '2010-08-09 21:19:24', '2010-01-01 12:00:00', 'CHECKOUT', 6)[0m
  [4;35;1mSQL (0.1ms)[0m   [0mRELEASE SAVEPOINT active_record_1[0m
  [4;36;1mSQL (120.6ms)[0m   [0;1mROLLBACK[0m
  [4;36;1mSQL (0.1ms)[0m   [0;1mSET NAMES 'utf8'[0m
  [4;35;1mSQL (0.1ms)[0m   [0mSET SQL_AUTO_IS_NULL=0[0m
  [4;36;1mSQL (0.5ms)[0m   [0;1mSHOW TABLES[0m
  [4;35;1mSQL (0.1ms)[0m   [0mSELECT version FROM schema_migrations[0m
Migrating to CreateUsuarios (20100809203304)
Migrating to CreateHoras (20100809210449)
Migrating to ChangeTypeFieldHora (20100809212625)
  [4;36;1mSQL (405.2ms)[0m   [0;1mALTER TABLE `horas` ADD `tipo` varchar(255)[0m
  [4;35;1mSQL (335.5ms)[0m   [0mALTER TABLE `horas` DROP `type`[0m
  [4;36;1mSQL (65.8ms)[0m   [0;1mINSERT INTO schema_migrations (version) VALUES ('20100809212625')[0m
  [4;35;1mSQL (0.4ms)[0m   [0mSHOW TABLES[0m
  [4;36;1mSQL (0.2ms)[0m   [0;1mSELECT version FROM schema_migrations[0m
  [4;35;1mSQL (0.2ms)[0m   [0mSHOW TABLES[0m
  [4;36;1mSQL (0.6ms)[0m   [0;1mSHOW FIELDS FROM `horas`[0m
  [4;35;1mSQL (0.5ms)[0m   [0mdescribe `horas`[0m
  [4;36;1mSQL (0.3ms)[0m   [0;1mSHOW KEYS FROM `horas`[0m
  [4;35;1mSQL (0.6ms)[0m   [0mSHOW FIELDS FROM `users`[0m
  [4;36;1mSQL (0.5ms)[0m   [0;1mdescribe `users`[0m
  [4;35;1mSQL (0.2ms)[0m   [0mSHOW KEYS FROM `users`[0m
  [4;36;1mSQL (0.1ms)[0m   [0;1mSET NAMES 'utf8'[0m
  [4;35;1mSQL (0.1ms)[0m   [0mSET SQL_AUTO_IS_NULL=0[0m
  [4;36;1mSQL (0.1ms)[0m   [0;1mBEGIN[0m
  [4;35;1mUser Columns (0.7ms)[0m   [0mSHOW FIELDS FROM `users`[0m
  [4;36;1mSQL (0.1ms)[0m   [0;1mSAVEPOINT active_record_1[0m
  [4;35;1mUser Create (0.2ms)[0m   [0mINSERT INTO `users` (`created_at`, `updated_at`, `login`, `senha`) VALUES('2010-08-09 21:30:09', '2010-08-09 21:30:09', 'horafeliz', '123')[0m
  [4;36;1mSQL (0.1ms)[0m   [0;1mRELEASE SAVEPOINT active_record_1[0m
  [4;35;1mSQL (104.7ms)[0m   [0mROLLBACK[0m
  [4;36;1mSQL (0.1ms)[0m   [0;1mSET NAMES 'utf8'[0m
  [4;35;1mSQL (0.1ms)[0m   [0mSET SQL_AUTO_IS_NULL=0[0m
  [4;36;1mSQL (0.1ms)[0m   [0;1mBEGIN[0m
  [4;35;1mUser Columns (0.7ms)[0m   [0mSHOW FIELDS FROM `users`[0m
  [4;36;1mSQL (0.1ms)[0m   [0;1mSAVEPOINT active_record_1[0m
  [4;35;1mUser Create (0.2ms)[0m   [0mINSERT INTO `users` (`created_at`, `updated_at`, `login`, `senha`) VALUES('2010-08-09 21:30:43', '2010-08-09 21:30:43', 'horafeliz', '123')[0m
  [4;36;1mSQL (0.1ms)[0m   [0;1mRELEASE SAVEPOINT active_record_1[0m
  [4;35;1mSQL (60.5ms)[0m   [0mROLLBACK[0m
  [4;36;1mSQL (0.2ms)[0m   [0;1mSET NAMES 'utf8'[0m
  [4;35;1mSQL (0.1ms)[0m   [0mSET SQL_AUTO_IS_NULL=0[0m
  [4;36;1mSQL (0.1ms)[0m   [0;1mBEGIN[0m
  [4;35;1mUser Columns (0.7ms)[0m   [0mSHOW FIELDS FROM `users`[0m
  [4;36;1mSQL (0.1ms)[0m   [0;1mSAVEPOINT active_record_1[0m
  [4;35;1mUser Create (0.3ms)[0m   [0mINSERT INTO `users` (`created_at`, `updated_at`, `login`, `senha`) VALUES('2010-08-09 21:34:37', '2010-08-09 21:34:37', 'horafeliz', '123')[0m
  [4;36;1mSQL (0.1ms)[0m   [0;1mRELEASE SAVEPOINT active_record_1[0m
  [4;35;1mSQL (110.4ms)[0m   [0mROLLBACK[0m
  [4;36;1mSQL (0.1ms)[0m   [0;1mSET NAMES 'utf8'[0m
  [4;35;1mSQL (0.1ms)[0m   [0mSET SQL_AUTO_IS_NULL=0[0m
  [4;36;1mSQL (0.1ms)[0m   [0;1mBEGIN[0m
  [4;35;1mUser Columns (0.7ms)[0m   [0mSHOW FIELDS FROM `users`[0m
  [4;36;1mSQL (0.1ms)[0m   [0;1mSAVEPOINT active_record_1[0m
  [4;35;1mUser Create (0.2ms)[0m   [0mINSERT INTO `users` (`created_at`, `updated_at`, `login`, `senha`) VALUES('2010-08-09 21:35:08', '2010-08-09 21:35:08', 'horafeliz', '123')[0m
  [4;36;1mSQL (0.1ms)[0m   [0;1mRELEASE SAVEPOINT active_record_1[0m
  [4;35;1mSQL (105.2ms)[0m   [0mROLLBACK[0m
  [4;36;1mSQL (0.1ms)[0m   [0;1mSET NAMES 'utf8'[0m
  [4;35;1mSQL (0.2ms)[0m   [0mSET SQL_AUTO_IS_NULL=0[0m
  [4;36;1mSQL (0.1ms)[0m   [0;1mBEGIN[0m
  [4;35;1mUser Columns (0.7ms)[0m   [0mSHOW FIELDS FROM `users`[0m
  [4;36;1mSQL (0.1ms)[0m   [0;1mSAVEPOINT active_record_1[0m
  [4;35;1mUser Create (0.2ms)[0m   [0mINSERT INTO `users` (`created_at`, `updated_at`, `login`, `senha`) VALUES('2010-08-09 21:37:20', '2010-08-09 21:37:20', 'horafeliz', '123')[0m
  [4;36;1mSQL (0.1ms)[0m   [0;1mRELEASE SAVEPOINT active_record_1[0m
  [4;35;1mHora Columns (0.7ms)[0m   [0mSHOW FIELDS FROM `horas`[0m
  [4;36;1mSQL (0.1ms)[0m   [0;1mSAVEPOINT active_record_1[0m
  [4;35;1mHora Create (0.2ms)[0m   [0mINSERT INTO `horas` (`tipo`, `created_at`, `updated_at`, `date`, `user_id`) VALUES('CHECKIN', '2010-08-09 21:37:20', '2010-08-09 21:37:20', '2010-01-01 08:00:00', 11)[0m
  [4;36;1mSQL (0.1ms)[0m   [0;1mRELEASE SAVEPOINT active_record_1[0m
  [4;35;1mSQL (0.1ms)[0m   [0mSAVEPOINT active_record_1[0m
  [4;36;1mHora Create (0.2ms)[0m   [0;1mINSERT INTO `horas` (`tipo`, `created_at`, `updated_at`, `date`, `user_id`) VALUES('CHECKOUT', '2010-08-09 21:37:20', '2010-08-09 21:37:20', '2010-01-01 12:00:00', 11)[0m
  [4;35;1mSQL (0.1ms)[0m   [0mRELEASE SAVEPOINT active_record_1[0m
  [4;36;1mSQL (0.1ms)[0m   [0;1mSAVEPOINT active_record_1[0m
  [4;35;1mHora Create (0.2ms)[0m   [0mINSERT INTO `horas` (`tipo`, `created_at`, `updated_at`, `date`, `user_id`) VALUES('CHECKIN', '2010-08-09 21:37:20', '2010-08-09 21:37:20', '2010-01-01 13:00:00', 11)[0m
  [4;36;1mSQL (0.1ms)[0m   [0;1mRELEASE SAVEPOINT active_record_1[0m
  [4;35;1mSQL (0.1ms)[0m   [0mSAVEPOINT active_record_1[0m
  [4;36;1mHora Create (0.3ms)[0m   [0;1mINSERT INTO `horas` (`tipo`, `created_at`, `updated_at`, `date`, `user_id`) VALUES('CHECKOUT', '2010-08-09 21:37:20', '2010-08-09 21:37:20', '2010-01-01 18:00:00', 11)[0m
  [4;35;1mSQL (0.1ms)[0m   [0mRELEASE SAVEPOINT active_record_1[0m
REQUESTING PAGE: GET http://www.example.com/relatorio_horas/visualizar with {} and HTTP headers {}


Processing ApplicationController#index (for 127.0.0.1 at 2010-08-09 18:37:20) [GET]
  [4;36;1mSQL (89.1ms)[0m   [0;1mROLLBACK[0m
  [4;36;1mSQL (0.1ms)[0m   [0;1mSET NAMES 'utf8'[0m
  [4;35;1mSQL (0.1ms)[0m   [0mSET SQL_AUTO_IS_NULL=0[0m
  [4;36;1mSQL (0.1ms)[0m   [0;1mBEGIN[0m
  [4;35;1mUser Columns (0.7ms)[0m   [0mSHOW FIELDS FROM `users`[0m
  [4;36;1mSQL (0.2ms)[0m   [0;1mSAVEPOINT active_record_1[0m
  [4;35;1mUser Create (0.3ms)[0m   [0mINSERT INTO `users` (`created_at`, `updated_at`, `login`, `senha`) VALUES('2010-08-09 21:38:37', '2010-08-09 21:38:37', 'horafeliz', '123')[0m
  [4;36;1mSQL (0.1ms)[0m   [0;1mRELEASE SAVEPOINT active_record_1[0m
  [4;35;1mHora Columns (0.7ms)[0m   [0mSHOW FIELDS FROM `horas`[0m
  [4;36;1mSQL (0.1ms)[0m   [0;1mSAVEPOINT active_record_1[0m
  [4;35;1mHora Create (0.3ms)[0m   [0mINSERT INTO `horas` (`tipo`, `created_at`, `updated_at`, `date`, `user_id`) VALUES('CHECKIN', '2010-08-09 21:38:37', '2010-08-09 21:38:37', '2010-01-01 08:00:00', 12)[0m
  [4;36;1mSQL (0.1ms)[0m   [0;1mRELEASE SAVEPOINT active_record_1[0m
  [4;35;1mSQL (0.1ms)[0m   [0mSAVEPOINT active_record_1[0m
  [4;36;1mHora Create (0.2ms)[0m   [0;1mINSERT INTO `horas` (`tipo`, `created_at`, `updated_at`, `date`, `user_id`) VALUES('CHECKOUT', '2010-08-09 21:38:37', '2010-08-09 21:38:37', '2010-01-01 12:00:00', 12)[0m
  [4;35;1mSQL (0.1ms)[0m   [0mRELEASE SAVEPOINT active_record_1[0m
  [4;36;1mSQL (0.1ms)[0m   [0;1mSAVEPOINT active_record_1[0m
  [4;35;1mHora Create (0.2ms)[0m   [0mINSERT INTO `horas` (`tipo`, `created_at`, `updated_at`, `date`, `user_id`) VALUES('CHECKIN', '2010-08-09 21:38:37', '2010-08-09 21:38:37', '2010-01-01 13:00:00', 12)[0m
  [4;36;1mSQL (0.1ms)[0m   [0;1mRELEASE SAVEPOINT active_record_1[0m
  [4;35;1mSQL (0.1ms)[0m   [0mSAVEPOINT active_record_1[0m
  [4;36;1mHora Create (0.2ms)[0m   [0;1mINSERT INTO `horas` (`tipo`, `created_at`, `updated_at`, `date`, `user_id`) VALUES('CHECKOUT', '2010-08-09 21:38:37', '2010-08-09 21:38:37', '2010-01-01 18:00:00', 12)[0m
  [4;35;1mSQL (0.1ms)[0m   [0mRELEASE SAVEPOINT active_record_1[0m
REQUESTING PAGE: GET http://www.example.com/relatorio_horas/visualizar with {} and HTTP headers {}


Processing RelatorioHorasController#visualizar (for 127.0.0.1 at 2010-08-09 18:38:37) [GET]
Rendering relatorio_horas/visualizar
Completed in 31ms (View: 27, DB: 4) | 200 OK [http://www.example.com/relatorio_horas/visualizar]
  [4;36;1mSQL (99.1ms)[0m   [0;1mROLLBACK[0m
